Started GET "/" for ::1 at 2021-11-05 12:56:26 +0200
  
ActiveRecord::NoDatabaseError (FATAL:  database "myapp_development" does not exist
):
  
activerecord (6.1.4.1) lib/active_record/connection_adapters/postgresql_adapter.rb:81:in `rescue in new_client'
activerecord (6.1.4.1) lib/active_record/connection_adapters/postgresql_adapter.rb:77:in `new_client'
activerecord (6.1.4.1) lib/active_record/connection_adapters/postgresql_adapter.rb:37:in `postgresql_connection'
activerecord (6.1.4.1) lib/active_record/connection_adapters/abstract/connection_pool.rb:882:in `public_send'
activerecord (6.1.4.1) lib/active_record/connection_adapters/abstract/connection_pool.rb:882:in `new_connection'
activerecord (6.1.4.1) lib/active_record/connection_adapters/abstract/connection_pool.rb:926:in `checkout_new_connection'
activerecord (6.1.4.1) lib/active_record/connection_adapters/abstract/connection_pool.rb:905:in `try_to_checkout_new_connection'
activerecord (6.1.4.1) lib/active_record/connection_adapters/abstract/connection_pool.rb:866:in `acquire_connection'
activerecord (6.1.4.1) lib/active_record/connection_adapters/abstract/connection_pool.rb:588:in `checkout'
activerecord (6.1.4.1) lib/active_record/connection_adapters/abstract/connection_pool.rb:428:in `connection'
activerecord (6.1.4.1) lib/active_record/connection_adapters/abstract/connection_pool.rb:1128:in `retrieve_connection'
activerecord (6.1.4.1) lib/active_record/connection_handling.rb:327:in `retrieve_connection'
activerecord (6.1.4.1) lib/active_record/connection_handling.rb:283:in `connection'
activerecord (6.1.4.1) lib/active_record/migration.rb:611:in `connection'
activerecord (6.1.4.1) lib/active_record/migration.rb:606:in `build_watcher'
activerecord (6.1.4.1) lib/active_record/migration.rb:588:in `block in call'
activerecord (6.1.4.1) lib/active_record/migration.rb:587:in `synchronize'
activerecord (6.1.4.1) lib/active_record/migration.rb:587:in `call'
actionpack (6.1.4.1) lib/action_dispatch/middleware/callbacks.rb:27:in `block in call'
activesupport (6.1.4.1) lib/active_support/callbacks.rb:98:in `run_callbacks'
actionpack (6.1.4.1) lib/action_dispatch/middleware/callbacks.rb:26:in `call'
actionpack (6.1.4.1) lib/action_dispatch/middleware/executor.rb:14:in `call'
actionpack (6.1.4.1) lib/action_dispatch/middleware/actionable_exceptions.rb:18:in `call'
actionpack (6.1.4.1) lib/action_dispatch/middleware/debug_exceptions.rb:29:in `call'
web-console (4.1.0) lib/web_console/middleware.rb:132:in `call_app'
web-console (4.1.0) lib/web_console/middleware.rb:28:in `block in call'
web-console (4.1.0) lib/web_console/middleware.rb:17:in `catch'
web-console (4.1.0) lib/web_console/middleware.rb:17:in `call'
actionpack (6.1.4.1) lib/action_dispatch/middleware/show_exceptions.rb:33:in `call'
railties (6.1.4.1) lib/rails/rack/logger.rb:37:in `call_app'
railties (6.1.4.1) lib/rails/rack/logger.rb:26:in `block in call'
activesupport (6.1.4.1) lib/active_support/tagged_logging.rb:99:in `block in tagged'
activesupport (6.1.4.1) lib/active_support/tagged_logging.rb:37:in `tagged'
activesupport (6.1.4.1) lib/active_support/tagged_logging.rb:99:in `tagged'
railties (6.1.4.1) lib/rails/rack/logger.rb:26:in `call'
sprockets-rails (3.2.2) lib/sprockets/rails/quiet_assets.rb:13:in `call'
actionpack (6.1.4.1) lib/action_dispatch/middleware/remote_ip.rb:81:in `call'
actionpack (6.1.4.1) lib/action_dispatch/middleware/request_id.rb:26:in `call'
rack (2.2.3) lib/rack/method_override.rb:24:in `call'
rack (2.2.3) lib/rack/runtime.rb:22:in `call'
activesupport (6.1.4.1) lib/active_support/cache/strategy/local_cache_middleware.rb:29:in `call'
actionpack (6.1.4.1) lib/action_dispatch/middleware/executor.rb:14:in `call'
actionpack (6.1.4.1) lib/action_dispatch/middleware/static.rb:24:in `call'
rack (2.2.3) lib/rack/sendfile.rb:110:in `call'
actionpack (6.1.4.1) lib/action_dispatch/middleware/host_authorization.rb:98:in `call'
rack-mini-profiler (2.3.3) lib/mini_profiler/profiler.rb:393:in `call'
webpacker (5.4.3) lib/webpacker/dev_server_proxy.rb:25:in `perform_request'
rack-proxy (0.7.0) lib/rack/proxy.rb:63:in `call'
railties (6.1.4.1) lib/rails/engine.rb:539:in `call'
puma (5.5.2) lib/puma/configuration.rb:249:in `call'
puma (5.5.2) lib/puma/request.rb:77:in `block in handle_request'
puma (5.5.2) lib/puma/thread_pool.rb:340:in `with_force_shutdown'
puma (5.5.2) lib/puma/request.rb:76:in `handle_request'
puma (5.5.2) lib/puma/server.rb:447:in `process_client'
puma (5.5.2) lib/puma/thread_pool.rb:147:in `block in spawn_thread'
  [1m[35m (549.1ms)[0m  [1m[35mCREATE DATABASE "myapp_development" ENCODING = 'unicode'[0m
  [1m[35m (173.1ms)[0m  [1m[35mCREATE DATABASE "myapp_test" ENCODING = 'unicode'[0m
Started GET "/" for ::1 at 2021-11-05 12:58:18 +0200
Processing by Rails::WelcomeController#index as HTML
  Rendering /Users/maksymbrehin/.rvm/gems/ruby-3.0.0/gems/railties-6.1.4.1/lib/rails/templates/rails/welcome/index.html.erb
  Rendered /Users/maksymbrehin/.rvm/gems/ruby-3.0.0/gems/railties-6.1.4.1/lib/rails/templates/rails/welcome/index.html.erb (Duration: 10.8ms | Allocations: 415)
Completed 200 OK in 37ms (Views: 16.3ms | ActiveRecord: 0.0ms | Allocations: 3492)


Started GET "/" for ::1 at 2021-11-05 12:58:20 +0200
Processing by Rails::WelcomeController#index as HTML
  Rendering /Users/maksymbrehin/.rvm/gems/ruby-3.0.0/gems/railties-6.1.4.1/lib/rails/templates/rails/welcome/index.html.erb
  Rendered /Users/maksymbrehin/.rvm/gems/ruby-3.0.0/gems/railties-6.1.4.1/lib/rails/templates/rails/welcome/index.html.erb (Duration: 12.9ms | Allocations: 220)
Completed 200 OK in 52ms (Views: 22.7ms | ActiveRecord: 0.0ms | Allocations: 1070)


Started GET "/git" for ::1 at 2021-11-05 12:58:21 +0200
  
ActionController::RoutingError (No route matches [GET] "/git"):
  
Started GET "/git/index" for ::1 at 2021-11-05 12:58:22 +0200
Processing by GitController#index as HTML
  Rendering layout layouts/application.html.erb
  Rendering git/index.html.erb within layouts/application
  Rendered git/index.html.erb within layouts/application (Duration: 13.5ms | Allocations: 4319)
  Rendered layout layouts/application.html.erb (Duration: 14.1ms | Allocations: 4388)
Completed 500 Internal Server Error in 652ms (ActiveRecord: 0.0ms | Allocations: 7689)


  
ActionView::Template::Error (undefined local variable or method `git_path' for #<ActionView::Base:0x00000000007cd8>
Did you mean?  git_index_path):
    1: <div class="main">
    2:   <center>
    3:     <h1 class="github">GitHub</h1>
    4:     <%= form_with(url: git_path, method: "get", local: true) do %>
    5:       <%= text_field_tag(:query) %>
    6:       <%= submit_tag("Search",class: "btn btn-primary") %>
    7:     <% end %>
  
app/views/git/index.html.erb:4
Started GET "/git/index" for ::1 at 2021-11-05 12:58:52 +0200
  
ActionController::RoutingError (No route matches [GET] "/git/index"):
  
Started GET "/git/index" for ::1 at 2021-11-05 12:58:53 +0200
  
ActionController::RoutingError (No route matches [GET] "/git/index"):
  
Started GET "/git/index" for ::1 at 2021-11-05 12:58:56 +0200
  
ActionController::RoutingError (No route matches [GET] "/git/index"):
  
Started GET "/git" for ::1 at 2021-11-05 12:58:57 +0200
Processing by GitController#index as HTML
  Rendering layout layouts/application.html.erb
  Rendering git/index.html.erb within layouts/application
  Rendered git/index.html.erb within layouts/application (Duration: 0.9ms | Allocations: 270)
[Webpacker] Compiling...
[Webpacker] Compiled all packs in /Users/maksymbrehin/github/myapp/public/packs
[Webpacker] Hash: e2a8a876c5815bee1e21
Version: webpack 4.46.0
Time: 2567ms
Built at: 05.11.2021 12:59:04
                                     Asset       Size       Chunks                         Chunk Names
    js/application-e421b4aa3f716bebdab1.js    125 KiB  application  [emitted] [immutable]  application
js/application-e421b4aa3f716bebdab1.js.map    139 KiB  application  [emitted] [dev]        application
                             manifest.json  364 bytes               [emitted]              
Entrypoint application = js/application-e421b4aa3f716bebdab1.js js/application-e421b4aa3f716bebdab1.js.map
[./app/javascript/channels sync recursive _channel\.js$] ./app/javascript/channels sync _channel\.js$ 160 bytes {application} [built]
[./app/javascript/channels/index.js] 211 bytes {application} [built]
[./app/javascript/packs/application.js] 492 bytes {application} [built]
[./node_modules/webpack/buildin/module.js] (webpack)/buildin/module.js 552 bytes {application} [built]
    + 3 hidden modules

  Rendered layout layouts/application.html.erb (Duration: 7373.8ms | Allocations: 15342)
Completed 200 OK in 7790ms (Views: 7375.5ms | ActiveRecord: 0.0ms | Allocations: 17719)


Started GET "/git?query=dhh&commit=Search" for ::1 at 2021-11-05 12:59:20 +0200
Processing by GitController#index as HTML
  Parameters: {"query"=>"dhh", "commit"=>"Search"}
  Rendering layout layouts/application.html.erb
  Rendering git/index.html.erb within layouts/application
  Rendered git/index.html.erb within layouts/application (Duration: 0.5ms | Allocations: 149)
[Webpacker] Everything's up-to-date. Nothing to do
  Rendered layout layouts/application.html.erb (Duration: 20.1ms | Allocations: 4120)
Completed 200 OK in 567ms (Views: 22.1ms | ActiveRecord: 0.0ms | Allocations: 7348)


  [1m[35m (194.9ms)[0m  [1m[35mCREATE TABLE "schema_migrations" ("version" character varying NOT NULL PRIMARY KEY)[0m
  [1m[35m (10.1ms)[0m  [1m[35mCREATE TABLE "ar_internal_metadata" ("key" character varying NOT NULL PRIMARY KEY, "value" character varying, "created_at" timestamp(6) NOT NULL, "updated_at" timestamp(6) NOT NULL)[0m
  [1m[35m (5.8ms)[0m  [1m[34mSELECT pg_try_advisory_lock(7864839756650184315)[0m
  [1m[35m (1.5ms)[0m  [1m[34mSELECT "schema_migrations"."version" FROM "schema_migrations" ORDER BY "schema_migrations"."version" ASC[0m
  [1m[36mActiveRecord::InternalMetadata Load (2.2ms)[0m  [1m[34mSELECT "ar_internal_metadata".* FROM "ar_internal_metadata" WHERE "ar_internal_metadata"."key" = $1 LIMIT $2[0m  [["key", "environment"], ["LIMIT", 1]]
  [1m[36mTRANSACTION (11.7ms)[0m  [1m[35mBEGIN[0m
  [1m[36mActiveRecord::InternalMetadata Create (14.3ms)[0m  [1m[32mINSERT INTO "ar_internal_metadata" ("key", "value", "created_at", "updated_at") VALUES ($1, $2, $3, $4) RETURNING "key"[0m  [["key", "environment"], ["value", "development"], ["created_at", "2021-11-05 11:33:01.652138"], ["updated_at", "2021-11-05 11:33:01.652138"]]
  [1m[36mTRANSACTION (0.7ms)[0m  [1m[35mCOMMIT[0m
  [1m[35m (0.5ms)[0m  [1m[34mSELECT pg_advisory_unlock(7864839756650184315)[0m
  [1m[35m (2.2ms)[0m  [1m[34mSELECT "schema_migrations"."version" FROM "schema_migrations" ORDER BY "schema_migrations"."version" ASC[0m
Started GET "/" for ::1 at 2021-11-05 13:36:44 +0200
  [1m[35m (1.6ms)[0m  [1m[34mSELECT "schema_migrations"."version" FROM "schema_migrations" ORDER BY "schema_migrations"."version" ASC[0m
Processing by Rails::WelcomeController#index as HTML
  Rendering /Users/maksymbrehin/.rvm/gems/ruby-3.0.0/gems/railties-6.1.4.1/lib/rails/templates/rails/welcome/index.html.erb
  Rendered /Users/maksymbrehin/.rvm/gems/ruby-3.0.0/gems/railties-6.1.4.1/lib/rails/templates/rails/welcome/index.html.erb (Duration: 11.6ms | Allocations: 415)
Completed 200 OK in 38ms (Views: 17.7ms | ActiveRecord: 0.0ms | Allocations: 3181)


Started GET "/" for ::1 at 2021-11-05 13:36:46 +0200
Processing by Rails::WelcomeController#index as HTML
  Rendering /Users/maksymbrehin/.rvm/gems/ruby-3.0.0/gems/railties-6.1.4.1/lib/rails/templates/rails/welcome/index.html.erb
  Rendered /Users/maksymbrehin/.rvm/gems/ruby-3.0.0/gems/railties-6.1.4.1/lib/rails/templates/rails/welcome/index.html.erb (Duration: 16.5ms | Allocations: 219)
Completed 200 OK in 23ms (Views: 19.2ms | ActiveRecord: 0.0ms | Allocations: 1005)


Started GET "/git" for ::1 at 2021-11-05 13:36:47 +0200
Processing by GitController#index as HTML
  Rendering layout layouts/application.html.erb
  Rendering git/index.html.erb within layouts/application
  Rendered git/index.html.erb within layouts/application (Duration: 2.8ms | Allocations: 477)
[Webpacker] Everything's up-to-date. Nothing to do
  Rendered layout layouts/application.html.erb (Duration: 50.8ms | Allocations: 6986)
Completed 200 OK in 720ms (Views: 55.3ms | ActiveRecord: 0.0ms | Allocations: 10379)


Started GET "/git?query=dhh&commit=Search" for ::1 at 2021-11-05 13:36:56 +0200
Processing by GitController#index as HTML
  Parameters: {"query"=>"dhh", "commit"=>"Search"}
  Rendering layout layouts/application.html.erb
  Rendering git/index.html.erb within layouts/application
  Rendered git/index.html.erb within layouts/application (Duration: 0.7ms | Allocations: 149)
[Webpacker] Everything's up-to-date. Nothing to do
  Rendered layout layouts/application.html.erb (Duration: 17.5ms | Allocations: 4104)
Completed 200 OK in 536ms (Views: 18.9ms | ActiveRecord: 0.0ms | Allocations: 7307)


  [1m[35m (1.5ms)[0m  [1m[34mSELECT "schema_migrations"."version" FROM "schema_migrations" ORDER BY "schema_migrations"."version" ASC[0m
  [1m[35m (0.6ms)[0m  [1m[34mSELECT pg_try_advisory_lock(7864839756650184315)[0m
  [1m[35m (1.7ms)[0m  [1m[34mSELECT "schema_migrations"."version" FROM "schema_migrations" ORDER BY "schema_migrations"."version" ASC[0m
  [1m[36mActiveRecord::InternalMetadata Load (5.2ms)[0m  [1m[34mSELECT "ar_internal_metadata".* FROM "ar_internal_metadata" WHERE "ar_internal_metadata"."key" = $1 LIMIT $2[0m  [["key", "environment"], ["LIMIT", 1]]
  [1m[35m (0.5ms)[0m  [1m[34mSELECT pg_advisory_unlock(7864839756650184315)[0m
  [1m[35m (1.3ms)[0m  [1m[34mSELECT "schema_migrations"."version" FROM "schema_migrations" ORDER BY "schema_migrations"."version" ASC[0m
Started GET "/" for ::1 at 2021-11-05 13:54:31 +0200
  [1m[35m (1.9ms)[0m  [1m[34mSELECT "schema_migrations"."version" FROM "schema_migrations" ORDER BY "schema_migrations"."version" ASC[0m
Processing by Rails::WelcomeController#index as HTML
  Rendering /Users/maksymbrehin/.rvm/gems/ruby-3.0.0/gems/railties-6.1.4.1/lib/rails/templates/rails/welcome/index.html.erb
  Rendered /Users/maksymbrehin/.rvm/gems/ruby-3.0.0/gems/railties-6.1.4.1/lib/rails/templates/rails/welcome/index.html.erb (Duration: 12.5ms | Allocations: 415)
Completed 200 OK in 36ms (Views: 17.7ms | ActiveRecord: 0.0ms | Allocations: 3181)


Started GET "/" for ::1 at 2021-11-05 13:54:34 +0200
Processing by Rails::WelcomeController#index as HTML
  Rendering /Users/maksymbrehin/.rvm/gems/ruby-3.0.0/gems/railties-6.1.4.1/lib/rails/templates/rails/welcome/index.html.erb
  Rendered /Users/maksymbrehin/.rvm/gems/ruby-3.0.0/gems/railties-6.1.4.1/lib/rails/templates/rails/welcome/index.html.erb (Duration: 10.4ms | Allocations: 219)
Completed 200 OK in 18ms (Views: 15.0ms | ActiveRecord: 0.0ms | Allocations: 1005)


Started GET "/git" for ::1 at 2021-11-05 13:54:35 +0200
Processing by GitController#index as HTML
  Rendering layout layouts/application.html.erb
  Rendering git/index.html.erb within layouts/application
  Rendered git/index.html.erb within layouts/application (Duration: 2.4ms | Allocations: 477)
[Webpacker] Everything's up-to-date. Nothing to do
  Rendered layout layouts/application.html.erb (Duration: 39.5ms | Allocations: 6987)
Completed 200 OK in 550ms (Views: 45.4ms | ActiveRecord: 0.0ms | Allocations: 10370)


Started GET "/git?query=dhh&commit=Search" for ::1 at 2021-11-05 13:54:42 +0200
Processing by GitController#index as HTML
  Parameters: {"query"=>"dhh", "commit"=>"Search"}
  Rendering layout layouts/application.html.erb
  Rendering git/index.html.erb within layouts/application
  Rendered git/index.html.erb within layouts/application (Duration: 0.7ms | Allocations: 149)
[Webpacker] Everything's up-to-date. Nothing to do
  Rendered layout layouts/application.html.erb (Duration: 13.2ms | Allocations: 4105)
Completed 200 OK in 500ms (Views: 14.2ms | ActiveRecord: 0.0ms | Allocations: 7288)


Started GET "/git?query=dhh&commit=Search" for ::1 at 2021-11-05 13:58:11 +0200
Processing by GitController#index as HTML
  Parameters: {"query"=>"dhh", "commit"=>"Search"}
  Rendering layout layouts/application.html.erb
  Rendering git/index.html.erb within layouts/application
  Rendered git/index.html.erb within layouts/application (Duration: 2.1ms | Allocations: 149)
[Webpacker] Everything's up-to-date. Nothing to do
  Rendered layout layouts/application.html.erb (Duration: 205.6ms | Allocations: 11974)
Completed 200 OK in 819ms (Views: 208.0ms | ActiveRecord: 0.0ms | Allocations: 15136)


Started GET "/git?query=MksymBrehin&commit=Search" for ::1 at 2021-11-05 14:01:14 +0200
Processing by GitController#index as HTML
  Parameters: {"query"=>"MksymBrehin", "commit"=>"Search"}
  Rendering layout layouts/application.html.erb
  Rendering git/index.html.erb within layouts/application
  Rendered git/index.html.erb within layouts/application (Duration: 3.2ms | Allocations: 147)
[Webpacker] Everything's up-to-date. Nothing to do
  Rendered layout layouts/application.html.erb (Duration: 40.1ms | Allocations: 4105)
Completed 200 OK in 905ms (Views: 44.1ms | Allocations: 6330)


Started GET "/git?query=MaksymBrehin&commit=Search" for ::1 at 2021-11-05 14:01:20 +0200
Processing by GitController#index as HTML
  Parameters: {"query"=>"MaksymBrehin", "commit"=>"Search"}
  Rendering layout layouts/application.html.erb
  Rendering git/index.html.erb within layouts/application
  Rendered git/index.html.erb within layouts/application (Duration: 1.0ms | Allocations: 148)
[Webpacker] Everything's up-to-date. Nothing to do
  Rendered layout layouts/application.html.erb (Duration: 14.5ms | Allocations: 4128)
Completed 200 OK in 685ms (Views: 16.0ms | Allocations: 8789)


Started GET "/git?query=dhh&commit=Search" for ::1 at 2021-11-05 14:01:28 +0200
Processing by GitController#index as HTML
  Parameters: {"query"=>"dhh", "commit"=>"Search"}
  Rendering layout layouts/application.html.erb
  Rendering git/index.html.erb within layouts/application
  Rendered git/index.html.erb within layouts/application (Duration: 0.5ms | Allocations: 149)
[Webpacker] Everything's up-to-date. Nothing to do
  Rendered layout layouts/application.html.erb (Duration: 11.4ms | Allocations: 4128)
Completed 200 OK in 784ms (Views: 12.3ms | Allocations: 7328)


Started GET "/git?query=dhh&commit=Search" for ::1 at 2021-11-05 14:01:38 +0200
Processing by GitController#index as HTML
  Parameters: {"query"=>"dhh", "commit"=>"Search"}
  Rendering layout layouts/application.html.erb
  Rendering git/index.html.erb within layouts/application
  Rendered git/index.html.erb within layouts/application (Duration: 0.7ms | Allocations: 149)
[Webpacker] Everything's up-to-date. Nothing to do
  Rendered layout layouts/application.html.erb (Duration: 13.9ms | Allocations: 4105)
Completed 200 OK in 241ms (Views: 15.0ms | Allocations: 7260)


Started GET "/git?query=dhh&commit=Search" for ::1 at 2021-11-05 14:10:14 +0200
Processing by GitController#index as HTML
  Parameters: {"query"=>"dhh", "commit"=>"Search"}
  Rendering layout layouts/application.html.erb
  Rendering git/index.html.erb within layouts/application
  Rendered git/index.html.erb within layouts/application (Duration: 3.2ms | Allocations: 149)
[Webpacker] Everything's up-to-date. Nothing to do
  Rendered layout layouts/application.html.erb (Duration: 38.6ms | Allocations: 4105)
Completed 200 OK in 715ms (Views: 42.6ms | Allocations: 7255)


Started GET "/git" for ::1 at 2021-11-05 14:10:19 +0200
Processing by GitController#index as HTML
Started GET "/" for ::1 at 2021-11-05 14:10:19 +0200
Processing by Rails::WelcomeController#index as HTML
  Rendering /Users/maksymbrehin/.rvm/gems/ruby-3.0.0/gems/railties-6.1.4.1/lib/rails/templates/rails/welcome/index.html.erb
  Rendered /Users/maksymbrehin/.rvm/gems/ruby-3.0.0/gems/railties-6.1.4.1/lib/rails/templates/rails/welcome/index.html.erb (Duration: 1.4ms | Allocations: 45)
Completed 200 OK in 4ms (Views: 2.3ms | Allocations: 456)


Started GET "/" for ::1 at 2021-11-05 14:10:19 +0200
Processing by Rails::WelcomeController#index as HTML
  Rendering /Users/maksymbrehin/.rvm/gems/ruby-3.0.0/gems/railties-6.1.4.1/lib/rails/templates/rails/welcome/index.html.erb
  Rendered /Users/maksymbrehin/.rvm/gems/ruby-3.0.0/gems/railties-6.1.4.1/lib/rails/templates/rails/welcome/index.html.erb (Duration: 0.9ms | Allocations: 45)
Completed 200 OK in 3ms (Views: 1.8ms | Allocations: 453)


  Rendering layout layouts/application.html.erb
  Rendering git/index.html.erb within layouts/application
  Rendered git/index.html.erb within layouts/application (Duration: 0.6ms | Allocations: 163)
[Webpacker] Everything's up-to-date. Nothing to do
  Rendered layout layouts/application.html.erb (Duration: 46.3ms | Allocations: 4519)
Completed 200 OK in 507ms (Views: 47.8ms | Allocations: 12164)


Started GET "/" for ::1 at 2021-11-05 14:10:49 +0200
Processing by GitController#index as HTML
  Rendering layout layouts/application.html.erb
  Rendering git/index.html.erb within layouts/application
  Rendered git/index.html.erb within layouts/application (Duration: 0.8ms | Allocations: 185)
[Webpacker] Everything's up-to-date. Nothing to do
  Rendered layout layouts/application.html.erb (Duration: 24.4ms | Allocations: 4206)
Completed 200 OK in 440ms (Views: 27.4ms | Allocations: 6637)


